<?xml version="1.0" encoding="UTF-8"?>
<!-- Generated by org.testng.reporters.JUnitReportReporter -->
<testsuite skipped="0" hostname="LAPTOP-1VIB96O1" name="com.cg.tests.LocalAPITest" tests="5" failures="0" timestamp="2021-12-06T19:39:25 IST" time="13.270" errors="0">
  <testcase name="get" time="12.442" classname="com.cg.tests.LocalAPITest"/>
  <system-out/>
  <testcase name="post" time="0.515" classname="com.cg.tests.LocalAPITest"/>
  <system-out/>
  <testcase name="put" time="0.110" classname="com.cg.tests.LocalAPITest"/>
  <system-out/>
  <testcase name="patch" time="0.120" classname="com.cg.tests.LocalAPITest"/>
  <system-out/>
  <testcase name="delete" time="0.083" classname="com.cg.tests.LocalAPITest"/>
  <system-out/>
</testsuite> <!-- com.cg.tests.LocalAPITest -->
