<?xml version="1.0" encoding="UTF-8"?>
<!-- Generated by org.testng.reporters.JUnitReportReporter -->
<testsuite skipped="0" hostname="LAPTOP-1VIB96O1" name="com.cg.tests.PutPatchDelete" tests="3" failures="0" timestamp="2021-12-06T17:22:46 IST" time="13.174" errors="0">
  <testcase name="putID" time="9.940" classname="com.cg.tests.PutPatchDelete"/>
  <system-out/>
  <testcase name="patchID" time="2.302" classname="com.cg.tests.PutPatchDelete"/>
  <system-out/>
  <testcase name="deleteID" time="0.932" classname="com.cg.tests.PutPatchDelete"/>
  <system-out/>
</testsuite> <!-- com.cg.tests.PutPatchDelete -->
