<?xml version="1.0" encoding="UTF-8"?>
<!-- Generated by org.testng.reporters.JUnitReportReporter -->
<testsuite skipped="0" hostname="LAPTOP-1VIB96O1" name="com.cg.tests.FirstDemo" tests="1" failures="0" timestamp="2021-12-06T16:36:54 IST" time="9.560" errors="0">
  <testcase name="postID" time="9.560" classname="com.cg.tests.FirstDemo"/>
  <system-out/>
</testsuite> <!-- com.cg.tests.FirstDemo -->
